C:\Users\smith\Downloads\research\sandbox_202601catch\.venv\Lib\site-packages\gymnasium\spaces\box.py:236: UserWarning: [33mWARN: Box low's precision lowered by casting to float32, current low.dtype=float64[0m
  gym.logger.warn(
C:\Users\smith\Downloads\research\sandbox_202601catch\.venv\Lib\site-packages\gymnasium\spaces\box.py:306: UserWarning: [33mWARN: Box high's precision lowered by casting to float32, current high.dtype=float64[0m
  gym.logger.warn(
C:\Users\smith\Downloads\research\sandbox_202601catch\.venv\Lib\site-packages\stable_baselines3\common\on_policy_algorithm.py:150: UserWarning: You are trying to run PPO on the GPU, but it is primarily intended to run on the CPU when not using a CNN policy (you are using ActorCriticPolicy which should be a MlpPolicy). See https://github.com/DLR-RM/stable-baselines3/issues/1245 for more info. You can pass `device='cpu'` or `export CUDA_VISIBLE_DEVICES=` to force using the CPU.Note: The model will train, but the GPU utilization will be poor and the training might take longer than on CPU.
  warnings.warn(
Using cuda device
Starting training for 100000 steps...
Logging to logs\PPO_6
-----------------------------
| time/              |      |
|    fps             | 983  |
|    iterations      | 1    |
|    time_elapsed    | 2    |
|    total_timesteps | 2048 |
-----------------------------
------------------------------------------
| time/                   |              |
|    fps                  | 811          |
|    iterations           | 2            |
|    time_elapsed         | 5            |
|    total_timesteps      | 4096         |
| train/                  |              |
|    approx_kl            | 0.0072929296 |
|    clip_fraction        | 0.0583       |
|    clip_range           | 0.2          |
|    entropy_loss         | -8.51        |
|    explained_variance   | -0.0104      |
|    learning_rate        | 0.0003       |
|    loss                 | 136          |
|    n_updates            | 10           |
|    policy_gradient_loss | -0.0106      |
|    std                  | 0.997        |
|    value_loss           | 524          |
------------------------------------------
------------------------------------------
| time/                   |              |
|    fps                  | 765          |
|    iterations           | 3            |
|    time_elapsed         | 8            |
|    total_timesteps      | 6144         |
| train/                  |              |
|    approx_kl            | 0.0065000034 |
|    clip_fraction        | 0.0351       |
|    clip_range           | 0.2          |
|    entropy_loss         | -8.5         |
|    explained_variance   | 0.0108       |
|    learning_rate        | 0.0003       |
|    loss                 | 1.81e+03     |
|    n_updates            | 20           |
|    policy_gradient_loss | -0.00876     |
|    std                  | 0.998        |
|    value_loss           | 4.12e+03     |
------------------------------------------
-----------------------------------------
| time/                   |             |
|    fps                  | 741         |
|    iterations           | 4           |
|    time_elapsed         | 11          |
|    total_timesteps      | 8192        |
| train/                  |             |
|    approx_kl            | 0.005031229 |
|    clip_fraction        | 0.0354      |
|    clip_range           | 0.2         |
|    entropy_loss         | -8.51       |
|    explained_variance   | 0.000422    |
|    learning_rate        | 0.0003      |
|    loss                 | 5.52e+03    |
|    n_updates            | 30          |
|    policy_gradient_loss | -0.00604    |
|    std                  | 1           |
|    value_loss           | 1.15e+04    |
-----------------------------------------
-----------------------------------------
| time/                   |             |
|    fps                  | 728         |
|    iterations           | 5           |
|    time_elapsed         | 14          |
|    total_timesteps      | 10240       |
| train/                  |             |
|    approx_kl            | 0.004763697 |
|    clip_fraction        | 0.0306      |
|    clip_range           | 0.2         |
|    entropy_loss         | -8.51       |
|    explained_variance   | 8.46e-05    |
|    learning_rate        | 0.0003      |
|    loss                 | 1.09e+04    |
|    n_updates            | 40          |
|    policy_gradient_loss | -0.00526    |
|    std                  | 0.999       |
|    value_loss           | 2.26e+04    |
-----------------------------------------
------------------------------------------
| time/                   |              |
|    fps                  | 722          |
|    iterations           | 6            |
|    time_elapsed         | 17           |
|    total_timesteps      | 12288        |
| train/                  |              |
|    approx_kl            | 0.0048847427 |
|    clip_fraction        | 0.0214       |
|    clip_range           | 0.2          |
|    entropy_loss         | -8.5         |
|    explained_variance   | 2.24e-05     |
|    learning_rate        | 0.0003       |
|    loss                 | 1.8e+04      |
|    n_updates            | 50           |
|    policy_gradient_loss | -0.00351     |
|    std                  | 0.998        |
|    value_loss           | 3.76e+04     |
------------------------------------------
-----------------------------------------
| time/                   |             |
|    fps                  | 716         |
|    iterations           | 7           |
|    time_elapsed         | 20          |
|    total_timesteps      | 14336       |
| train/                  |             |
|    approx_kl            | 0.005719123 |
|    clip_fraction        | 0.0432      |
|    clip_range           | 0.2         |
|    entropy_loss         | -8.5        |
|    explained_variance   | 5.36e-06    |
|    learning_rate        | 0.0003      |
|    loss                 | 2.71e+04    |
|    n_updates            | 60          |
|    policy_gradient_loss | -0.00601    |
|    std                  | 0.997       |
|    value_loss           | 5.61e+04    |
-----------------------------------------
-----------------------------------------
| time/                   |             |
|    fps                  | 712         |
|    iterations           | 8           |
|    time_elapsed         | 23          |
|    total_timesteps      | 16384       |
| train/                  |             |
|    approx_kl            | 0.003968228 |
|    clip_fraction        | 0.0219      |
|    clip_range           | 0.2         |
|    entropy_loss         | -8.49       |
|    explained_variance   | 4.41e-06    |
|    learning_rate        | 0.0003      |
|    loss                 | 3.84e+04    |
|    n_updates            | 70          |
|    policy_gradient_loss | -0.0035     |
|    std                  | 0.997       |
|    value_loss           | 7.86e+04    |
-----------------------------------------
------------------------------------------
| time/                   |              |
|    fps                  | 706          |
|    iterations           | 9            |
|    time_elapsed         | 26           |
|    total_timesteps      | 18432        |
| train/                  |              |
|    approx_kl            | 0.0068672015 |
|    clip_fraction        | 0.0487       |
|    clip_range           | 0.2          |
|    entropy_loss         | -8.49        |
|    explained_variance   | 1.07e-06     |
|    learning_rate        | 0.0003       |
|    loss                 | 5.25e+04     |
|    n_updates            | 80           |
|    policy_gradient_loss | -0.00521     |
|    std                  | 0.996        |
|    value_loss           | 1.05e+05     |
------------------------------------------
------------------------------------------
| time/                   |              |
|    fps                  | 701          |
|    iterations           | 10           |
|    time_elapsed         | 29           |
|    total_timesteps      | 20480        |
| train/                  |              |
|    approx_kl            | 0.0044552125 |
|    clip_fraction        | 0.0197       |
|    clip_range           | 0.2          |
|    entropy_loss         | -8.49        |
|    explained_variance   | -2.38e-07    |
|    learning_rate        | 0.0003       |
|    loss                 | 6.68e+04     |
|    n_updates            | 90           |
|    policy_gradient_loss | -0.00289     |
|    std                  | 0.995        |
|    value_loss           | 1.35e+05     |
------------------------------------------
------------------------------------------
| time/                   |              |
|    fps                  | 696          |
|    iterations           | 11           |
|    time_elapsed         | 32           |
|    total_timesteps      | 22528        |
| train/                  |              |
|    approx_kl            | 0.0055581927 |
|    clip_fraction        | 0.041        |
|    clip_range           | 0.2          |
|    entropy_loss         | -8.48        |
|    explained_variance   | 3.58e-07     |
|    learning_rate        | 0.0003       |
|    loss                 | 8.18e+04     |
|    n_updates            | 100          |
|    policy_gradient_loss | -0.00359     |
|    std                  | 0.993        |
|    value_loss           | 1.68e+05     |
------------------------------------------
-----------------------------------------
| time/                   |             |
|    fps                  | 693         |
|    iterations           | 12          |
|    time_elapsed         | 35          |
|    total_timesteps      | 24576       |
| train/                  |             |
|    approx_kl            | 0.006761712 |
|    clip_fraction        | 0.0453      |
|    clip_range           | 0.2         |
|    entropy_loss         | -8.47       |
|    explained_variance   | 2.38e-07    |
|    learning_rate        | 0.0003      |
|    loss                 | 9.77e+04    |
|    n_updates            | 110         |
|    policy_gradient_loss | -0.00391    |
|    std                  | 0.994       |
|    value_loss           | 2.06e+05    |
-----------------------------------------
------------------------------------------
| time/                   |              |
|    fps                  | 692          |
|    iterations           | 13           |
|    time_elapsed         | 38           |
|    total_timesteps      | 26624        |
| train/                  |              |
|    approx_kl            | 0.0067286985 |
|    clip_fraction        | 0.0556       |
|    clip_range           | 0.2          |
|    entropy_loss         | -8.47        |
|    explained_variance   | 2.98e-07     |
|    learning_rate        | 0.0003       |
|    loss                 | 1.23e+05     |
|    n_updates            | 120          |
|    policy_gradient_loss | -0.00564     |
|    std                  | 0.991        |
|    value_loss           | 2.47e+05     |
------------------------------------------
------------------------------------------
| time/                   |              |
|    fps                  | 690          |
|    iterations           | 14           |
|    time_elapsed         | 41           |
|    total_timesteps      | 28672        |
| train/                  |              |
|    approx_kl            | 0.0060617668 |
|    clip_fraction        | 0.0323       |
|    clip_range           | 0.2          |
|    entropy_loss         | -8.46        |
|    explained_variance   | -2.38e-07    |
|    learning_rate        | 0.0003       |
|    loss                 | 1.46e+05     |
|    n_updates            | 130          |
|    policy_gradient_loss | -0.003       |
|    std                  | 0.99         |
|    value_loss           | 2.92e+05     |
------------------------------------------
-----------------------------------------
| time/                   |             |
|    fps                  | 689         |
|    iterations           | 15          |
|    time_elapsed         | 44          |
|    total_timesteps      | 30720       |
| train/                  |             |
|    approx_kl            | 0.005503052 |
|    clip_fraction        | 0.0374      |
|    clip_range           | 0.2         |
|    entropy_loss         | -8.45       |
|    explained_variance   | 1.79e-07    |
|    learning_rate        | 0.0003      |
|    loss                 | 1.69e+05    |
|    n_updates            | 140         |
|    policy_gradient_loss | -0.00473    |
|    std                  | 0.989       |
|    value_loss           | 3.41e+05    |
-----------------------------------------
-----------------------------------------
| time/                   |             |
|    fps                  | 688         |
|    iterations           | 16          |
|    time_elapsed         | 47          |
|    total_timesteps      | 32768       |
| train/                  |             |
|    approx_kl            | 0.005358534 |
|    clip_fraction        | 0.0314      |
|    clip_range           | 0.2         |
|    entropy_loss         | -8.44       |
|    explained_variance   | 1.79e-07    |
|    learning_rate        | 0.0003      |
|    loss                 | 1.95e+05    |
|    n_updates            | 150         |
|    policy_gradient_loss | -0.0029     |
|    std                  | 0.988       |
|    value_loss           | 3.93e+05    |
-----------------------------------------
-----------------------------------------
| time/                   |             |
|    fps                  | 687         |
|    iterations           | 17          |
|    time_elapsed         | 50          |
|    total_timesteps      | 34816       |
| train/                  |             |
|    approx_kl            | 0.005006422 |
|    clip_fraction        | 0.0413      |
|    clip_range           | 0.2         |
|    entropy_loss         | -8.44       |
|    explained_variance   | 5.96e-08    |
|    learning_rate        | 0.0003      |
|    loss                 | 2.18e+05    |
|    n_updates            | 160         |
|    policy_gradient_loss | -0.00342    |
|    std                  | 0.987       |
|    value_loss           | 4.49e+05    |
-----------------------------------------
------------------------------------------
| time/                   |              |
|    fps                  | 686          |
|    iterations           | 18           |
|    time_elapsed         | 53           |
|    total_timesteps      | 36864        |
| train/                  |              |
|    approx_kl            | 0.0058668363 |
|    clip_fraction        | 0.0569       |
|    clip_range           | 0.2          |
|    entropy_loss         | -8.42        |
|    explained_variance   | 5.96e-08     |
|    learning_rate        | 0.0003       |
|    loss                 | 2.52e+05     |
|    n_updates            | 170          |
|    policy_gradient_loss | -0.00499     |
|    std                  | 0.984        |
|    value_loss           | 5.09e+05     |
------------------------------------------
-----------------------------------------
| time/                   |             |
|    fps                  | 685         |
|    iterations           | 19          |
|    time_elapsed         | 56          |
|    total_timesteps      | 38912       |
| train/                  |             |
|    approx_kl            | 0.004783373 |
|    clip_fraction        | 0.0361      |
|    clip_range           | 0.2         |
|    entropy_loss         | -8.41       |
|    explained_variance   | 1.19e-07    |
|    learning_rate        | 0.0003      |
|    loss                 | 2.85e+05    |
|    n_updates            | 180         |
|    policy_gradient_loss | -0.00332    |
|    std                  | 0.984       |
|    value_loss           | 5.72e+05    |
-----------------------------------------
-----------------------------------------
| time/                   |             |
|    fps                  | 684         |
|    iterations           | 20          |
|    time_elapsed         | 59          |
|    total_timesteps      | 40960       |
| train/                  |             |
|    approx_kl            | 0.006373336 |
|    clip_fraction        | 0.0511      |
|    clip_range           | 0.2         |
|    entropy_loss         | -8.41       |
|    explained_variance   | 0           |
|    learning_rate        | 0.0003      |
|    loss                 | 3.18e+05    |
|    n_updates            | 190         |
|    policy_gradient_loss | -0.00409    |
|    std                  | 0.981       |
|    value_loss           | 6.39e+05    |
-----------------------------------------
-----------------------------------------
| time/                   |             |
|    fps                  | 684         |
|    iterations           | 21          |
|    time_elapsed         | 62          |
|    total_timesteps      | 43008       |
| train/                  |             |
|    approx_kl            | 0.006436576 |
|    clip_fraction        | 0.0529      |
|    clip_range           | 0.2         |
|    entropy_loss         | -8.4        |
|    explained_variance   | 0           |
|    learning_rate        | 0.0003      |
|    loss                 | 3.53e+05    |
|    n_updates            | 200         |
|    policy_gradient_loss | -0.0036     |
|    std                  | 0.981       |
|    value_loss           | 7.1e+05     |
-----------------------------------------
------------------------------------------
| time/                   |              |
|    fps                  | 683          |
|    iterations           | 22           |
|    time_elapsed         | 65           |
|    total_timesteps      | 45056        |
| train/                  |              |
|    approx_kl            | 0.0057252664 |
|    clip_fraction        | 0.0557       |
|    clip_range           | 0.2          |
|    entropy_loss         | -8.4         |
|    explained_variance   | 0            |
|    learning_rate        | 0.0003       |
|    loss                 | 3.87e+05     |
|    n_updates            | 210          |
|    policy_gradient_loss | -0.00427     |
|    std                  | 0.981        |
|    value_loss           | 7.85e+05     |
------------------------------------------
------------------------------------------
| time/                   |              |
|    fps                  | 682          |
|    iterations           | 23           |
|    time_elapsed         | 68           |
|    total_timesteps      | 47104        |
| train/                  |              |
|    approx_kl            | 0.0074332673 |
|    clip_fraction        | 0.0508       |
|    clip_range           | 0.2          |
|    entropy_loss         | -8.41        |
|    explained_variance   | -1.19e-07    |
|    learning_rate        | 0.0003       |
|    loss                 | 4.3e+05      |
|    n_updates            | 220          |
|    policy_gradient_loss | -0.00366     |
|    std                  | 0.984        |
|    value_loss           | 8.64e+05     |
------------------------------------------
------------------------------------------
| time/                   |              |
|    fps                  | 682          |
|    iterations           | 24           |
|    time_elapsed         | 72           |
|    total_timesteps      | 49152        |
| train/                  |              |
|    approx_kl            | 0.0065749288 |
|    clip_fraction        | 0.0556       |
|    clip_range           | 0.2          |
|    entropy_loss         | -8.41        |
|    explained_variance   | 1.19e-07     |
|    learning_rate        | 0.0003       |
|    loss                 | 4.68e+05     |
|    n_updates            | 230          |
|    policy_gradient_loss | -0.00402     |
|    std                  | 0.981        |
|    value_loss           | 9.46e+05     |
------------------------------------------
------------------------------------------
| time/                   |              |
|    fps                  | 681          |
|    iterations           | 25           |
|    time_elapsed         | 75           |
|    total_timesteps      | 51200        |
| train/                  |              |
|    approx_kl            | 0.0039706156 |
|    clip_fraction        | 0.0182       |
|    clip_range           | 0.2          |
|    entropy_loss         | -8.4         |
|    explained_variance   | -1.19e-07    |
|    learning_rate        | 0.0003       |
|    loss                 | 5.19e+05     |
|    n_updates            | 240          |
|    policy_gradient_loss | -0.00131     |
|    std                  | 0.981        |
|    value_loss           | 1.03e+06     |
------------------------------------------
-----------------------------------------
| time/                   |             |
|    fps                  | 681         |
|    iterations           | 26          |
|    time_elapsed         | 78          |
|    total_timesteps      | 53248       |
| train/                  |             |
|    approx_kl            | 0.008050099 |
|    clip_fraction        | 0.0669      |
|    clip_range           | 0.2         |
|    entropy_loss         | -8.4        |
|    explained_variance   | 2.38e-07    |
|    learning_rate        | 0.0003      |
|    loss                 | 5.55e+05    |
|    n_updates            | 250         |
|    policy_gradient_loss | -0.00437    |
|    std                  | 0.981       |
|    value_loss           | 1.12e+06    |
-----------------------------------------
-----------------------------------------
| time/                   |             |
|    fps                  | 681         |
|    iterations           | 27          |
|    time_elapsed         | 81          |
|    total_timesteps      | 55296       |
| train/                  |             |
|    approx_kl            | 0.006619547 |
|    clip_fraction        | 0.0698      |
|    clip_range           | 0.2         |
|    entropy_loss         | -8.39       |
|    explained_variance   | 1.19e-07    |
|    learning_rate        | 0.0003      |
|    loss                 | 6.1e+05     |
|    n_updates            | 260         |
|    policy_gradient_loss | -0.00455    |
|    std                  | 0.979       |
|    value_loss           | 1.22e+06    |
-----------------------------------------
------------------------------------------
| time/                   |              |
|    fps                  | 681          |
|    iterations           | 28           |
|    time_elapsed         | 84           |
|    total_timesteps      | 57344        |
| train/                  |              |
|    approx_kl            | 0.0047720913 |
|    clip_fraction        | 0.0507       |
|    clip_range           | 0.2          |
|    entropy_loss         | -8.39        |
|    explained_variance   | -2.38e-07    |
|    learning_rate        | 0.0003       |
|    loss                 | 6.56e+05     |
|    n_updates            | 270          |
|    policy_gradient_loss | -0.0035      |
|    std                  | 0.979        |
|    value_loss           | 1.31e+06     |
------------------------------------------
-----------------------------------------
| time/                   |             |
|    fps                  | 681         |
|    iterations           | 29          |
|    time_elapsed         | 87          |
|    total_timesteps      | 59392       |
| train/                  |             |
|    approx_kl            | 0.004850489 |
|    clip_fraction        | 0.0468      |
|    clip_range           | 0.2         |
|    entropy_loss         | -8.38       |
|    explained_variance   | 0           |
|    learning_rate        | 0.0003      |
|    loss                 | 6.87e+05    |
|    n_updates            | 280         |
|    policy_gradient_loss | -0.00342    |
|    std                  | 0.978       |
|    value_loss           | 1.42e+06    |
-----------------------------------------
------------------------------------------
| time/                   |              |
|    fps                  | 681          |
|    iterations           | 30           |
|    time_elapsed         | 90           |
|    total_timesteps      | 61440        |
| train/                  |              |
|    approx_kl            | 0.0061408915 |
|    clip_fraction        | 0.0322       |
|    clip_range           | 0.2          |
|    entropy_loss         | -8.37        |
|    explained_variance   | -1.19e-07    |
|    learning_rate        | 0.0003       |
|    loss                 | 7.66e+05     |
|    n_updates            | 290          |
|    policy_gradient_loss | -0.00207     |
|    std                  | 0.976        |
|    value_loss           | 1.52e+06     |
------------------------------------------
------------------------------------------
| time/                   |              |
|    fps                  | 680          |
|    iterations           | 31           |
|    time_elapsed         | 93           |
|    total_timesteps      | 63488        |
| train/                  |              |
|    approx_kl            | 0.0053481553 |
|    clip_fraction        | 0.0416       |
|    clip_range           | 0.2          |
|    entropy_loss         | -8.36        |
|    explained_variance   | 1.79e-07     |
|    learning_rate        | 0.0003       |
|    loss                 | 8.11e+05     |
|    n_updates            | 300          |
|    policy_gradient_loss | -0.00257     |
|    std                  | 0.974        |
|    value_loss           | 1.63e+06     |
------------------------------------------
----------------------------------------
| time/                   |            |
|    fps                  | 680        |
|    iterations           | 32         |
|    time_elapsed         | 96         |
|    total_timesteps      | 65536      |
| train/                  |            |
|    approx_kl            | 0.00615892 |
|    clip_fraction        | 0.0451     |
|    clip_range           | 0.2        |
|    entropy_loss         | -8.36      |
|    explained_variance   | 0          |
|    learning_rate        | 0.0003     |
|    loss                 | 8.63e+05   |
|    n_updates            | 310        |
|    policy_gradient_loss | -0.00437   |
|    std                  | 0.975      |
|    value_loss           | 1.74e+06   |
----------------------------------------
-----------------------------------------
| time/                   |             |
|    fps                  | 679         |
|    iterations           | 33          |
|    time_elapsed         | 99          |
|    total_timesteps      | 67584       |
| train/                  |             |
|    approx_kl            | 0.005449437 |
|    clip_fraction        | 0.034       |
|    clip_range           | 0.2         |
|    entropy_loss         | -8.36       |
|    explained_variance   | 0           |
|    learning_rate        | 0.0003      |
|    loss                 | 9.16e+05    |
|    n_updates            | 320         |
|    policy_gradient_loss | -0.00258    |
|    std                  | 0.976       |
|    value_loss           | 1.86e+06    |
-----------------------------------------
-----------------------------------------
| time/                   |             |
|    fps                  | 679         |
|    iterations           | 34          |
|    time_elapsed         | 102         |
|    total_timesteps      | 69632       |
| train/                  |             |
|    approx_kl            | 0.005154118 |
|    clip_fraction        | 0.028       |
|    clip_range           | 0.2         |
|    entropy_loss         | -8.36       |
|    explained_variance   | 5.96e-08    |
|    learning_rate        | 0.0003      |
|    loss                 | 9.85e+05    |
|    n_updates            | 330         |
|    policy_gradient_loss | -0.00266    |
|    std                  | 0.974       |
|    value_loss           | 1.98e+06    |
-----------------------------------------
------------------------------------------
| time/                   |              |
|    fps                  | 678          |
|    iterations           | 35           |
|    time_elapsed         | 105          |
|    total_timesteps      | 71680        |
| train/                  |              |
|    approx_kl            | 0.0046432903 |
|    clip_fraction        | 0.0437       |
|    clip_range           | 0.2          |
|    entropy_loss         | -8.36        |
|    explained_variance   | 0            |
|    learning_rate        | 0.0003       |
|    loss                 | 1.03e+06     |
|    n_updates            | 340          |
|    policy_gradient_loss | -0.00355     |
|    std                  | 0.974        |
|    value_loss           | 2.1e+06      |
------------------------------------------
-----------------------------------------
| time/                   |             |
|    fps                  | 678         |
|    iterations           | 36          |
|    time_elapsed         | 108         |
|    total_timesteps      | 73728       |
| train/                  |             |
|    approx_kl            | 0.009491916 |
|    clip_fraction        | 0.0928      |
|    clip_range           | 0.2         |
|    entropy_loss         | -8.36       |
|    explained_variance   | 1.19e-07    |
|    learning_rate        | 0.0003      |
|    loss                 | 1.12e+06    |
|    n_updates            | 350         |
|    policy_gradient_loss | -0.00623    |
|    std                  | 0.974       |
|    value_loss           | 2.23e+06    |
-----------------------------------------
-----------------------------------------
| time/                   |             |
|    fps                  | 678         |
|    iterations           | 37          |
|    time_elapsed         | 111         |
|    total_timesteps      | 75776       |
| train/                  |             |
|    approx_kl            | 0.006104976 |
|    clip_fraction        | 0.0426      |
|    clip_range           | 0.2         |
|    entropy_loss         | -8.35       |
|    explained_variance   | 1.19e-07    |
|    learning_rate        | 0.0003      |
|    loss                 | 1.17e+06    |
|    n_updates            | 360         |
|    policy_gradient_loss | -0.00257    |
|    std                  | 0.971       |
|    value_loss           | 2.36e+06    |
-----------------------------------------
----------------------------------------
| time/                   |            |
|    fps                  | 677        |
|    iterations           | 38         |
|    time_elapsed         | 114        |
|    total_timesteps      | 77824      |
| train/                  |            |
|    approx_kl            | 0.00819351 |
|    clip_fraction        | 0.0841     |
|    clip_range           | 0.2        |
|    entropy_loss         | -8.33      |
|    explained_variance   | 0          |
|    learning_rate        | 0.0003     |
|    loss                 | 1.25e+06   |
|    n_updates            | 370        |
|    policy_gradient_loss | -0.00454   |
|    std                  | 0.97       |
|    value_loss           | 2.49e+06   |
----------------------------------------
----------------------------------------
| time/                   |            |
|    fps                  | 677        |
|    iterations           | 39         |
|    time_elapsed         | 117        |
|    total_timesteps      | 79872      |
| train/                  |            |
|    approx_kl            | 0.00632066 |
|    clip_fraction        | 0.044      |
|    clip_range           | 0.2        |
|    entropy_loss         | -8.33      |
|    explained_variance   | 0          |
|    learning_rate        | 0.0003     |
|    loss                 | 1.31e+06   |
|    n_updates            | 380        |
|    policy_gradient_loss | -0.00369   |
|    std                  | 0.971      |
|    value_loss           | 2.63e+06   |
----------------------------------------
-----------------------------------------
| time/                   |             |
|    fps                  | 677         |
|    iterations           | 40          |
|    time_elapsed         | 120         |
|    total_timesteps      | 81920       |
| train/                  |             |
|    approx_kl            | 0.006381921 |
|    clip_fraction        | 0.0346      |
|    clip_range           | 0.2         |
|    entropy_loss         | -8.34       |
|    explained_variance   | -1.19e-07   |
|    learning_rate        | 0.0003      |
|    loss                 | 1.38e+06    |
|    n_updates            | 390         |
|    policy_gradient_loss | -0.00275    |
|    std                  | 0.972       |
|    value_loss           | 2.77e+06    |
-----------------------------------------
------------------------------------------
| time/                   |              |
|    fps                  | 677          |
|    iterations           | 41           |
|    time_elapsed         | 123          |
|    total_timesteps      | 83968        |
| train/                  |              |
|    approx_kl            | 0.0073440275 |
|    clip_fraction        | 0.0819       |
|    clip_range           | 0.2          |
|    entropy_loss         | -8.34        |
|    explained_variance   | 1.19e-07     |
|    learning_rate        | 0.0003       |
|    loss                 | 1.46e+06     |
|    n_updates            | 400          |
|    policy_gradient_loss | -0.0051      |
|    std                  | 0.972        |
|    value_loss           | 2.92e+06     |
------------------------------------------
------------------------------------------
| time/                   |              |
|    fps                  | 677          |
|    iterations           | 42           |
|    time_elapsed         | 126          |
|    total_timesteps      | 86016        |
| train/                  |              |
|    approx_kl            | 0.0069106626 |
|    clip_fraction        | 0.0572       |
|    clip_range           | 0.2          |
|    entropy_loss         | -8.34        |
|    explained_variance   | -1.19e-07    |
|    learning_rate        | 0.0003       |
|    loss                 | 1.51e+06     |
|    n_updates            | 410          |
|    policy_gradient_loss | -0.00571     |
|    std                  | 0.97         |
|    value_loss           | 3.07e+06     |
------------------------------------------
----------------------------------------
| time/                   |            |
|    fps                  | 677        |
|    iterations           | 43         |
|    time_elapsed         | 129        |
|    total_timesteps      | 88064      |
| train/                  |            |
|    approx_kl            | 0.00679147 |
|    clip_fraction        | 0.0693     |
|    clip_range           | 0.2        |
|    entropy_loss         | -8.33      |
|    explained_variance   | 5.96e-08   |
|    learning_rate        | 0.0003     |
|    loss                 | 1.55e+06   |
|    n_updates            | 420        |
|    policy_gradient_loss | -0.00401   |
|    std                  | 0.969      |
|    value_loss           | 3.22e+06   |
----------------------------------------
-----------------------------------------
| time/                   |             |
|    fps                  | 677         |
|    iterations           | 44          |
|    time_elapsed         | 132         |
|    total_timesteps      | 90112       |
| train/                  |             |
|    approx_kl            | 0.006093843 |
|    clip_fraction        | 0.0431      |
|    clip_range           | 0.2         |
|    entropy_loss         | -8.33       |
|    explained_variance   | 0           |
|    learning_rate        | 0.0003      |
|    loss                 | 1.69e+06    |
|    n_updates            | 430         |
|    policy_gradient_loss | -0.00378    |
|    std                  | 0.969       |
|    value_loss           | 3.38e+06    |
-----------------------------------------
-----------------------------------------
| time/                   |             |
|    fps                  | 677         |
|    iterations           | 45          |
|    time_elapsed         | 136         |
|    total_timesteps      | 92160       |
| train/                  |             |
|    approx_kl            | 0.006080488 |
|    clip_fraction        | 0.0343      |
|    clip_range           | 0.2         |
|    entropy_loss         | -8.32       |
|    explained_variance   | 0           |
|    learning_rate        | 0.0003      |
|    loss                 | 1.74e+06    |
|    n_updates            | 440         |
|    policy_gradient_loss | -0.00214    |
|    std                  | 0.966       |
|    value_loss           | 3.54e+06    |
-----------------------------------------
-----------------------------------------
| time/                   |             |
|    fps                  | 677         |
|    iterations           | 46          |
|    time_elapsed         | 139         |
|    total_timesteps      | 94208       |
| train/                  |             |
|    approx_kl            | 0.007185094 |
|    clip_fraction        | 0.0489      |
|    clip_range           | 0.2         |
|    entropy_loss         | -8.31       |
|    explained_variance   | 0           |
|    learning_rate        | 0.0003      |
|    loss                 | 1.82e+06    |
|    n_updates            | 450         |
|    policy_gradient_loss | -0.00359    |
|    std                  | 0.968       |
|    value_loss           | 3.7e+06     |
-----------------------------------------
------------------------------------------
| time/                   |              |
|    fps                  | 677          |
|    iterations           | 47           |
|    time_elapsed         | 142          |
|    total_timesteps      | 96256        |
| train/                  |              |
|    approx_kl            | 0.0043816445 |
|    clip_fraction        | 0.024        |
|    clip_range           | 0.2          |
|    entropy_loss         | -8.31        |
|    explained_variance   | -1.19e-07    |
|    learning_rate        | 0.0003       |
|    loss                 | 1.93e+06     |
|    n_updates            | 460          |
|    policy_gradient_loss | -0.00189     |
|    std                  | 0.967        |
|    value_loss           | 3.87e+06     |
------------------------------------------
-----------------------------------------
| time/                   |             |
|    fps                  | 676         |
|    iterations           | 48          |
|    time_elapsed         | 145         |
|    total_timesteps      | 98304       |
| train/                  |             |
|    approx_kl            | 0.004797508 |
|    clip_fraction        | 0.0335      |
|    clip_range           | 0.2         |
|    entropy_loss         | -8.32       |
|    explained_variance   | 0           |
|    learning_rate        | 0.0003      |
|    loss                 | 2e+06       |
|    n_updates            | 470         |
|    policy_gradient_loss | -0.0036     |
|    std                  | 0.969       |
|    value_loss           | 4.04e+06    |
-----------------------------------------
------------------------------------------
| time/                   |              |
|    fps                  | 676          |
|    iterations           | 49           |
|    time_elapsed         | 148          |
|    total_timesteps      | 100352       |
| train/                  |              |
|    approx_kl            | 0.0064262873 |
|    clip_fraction        | 0.0507       |
|    clip_range           | 0.2          |
|    entropy_loss         | -8.33        |
|    explained_variance   | -2.38e-07    |
|    learning_rate        | 0.0003       |
|    loss                 | 2.06e+06     |
|    n_updates            | 480          |
|    policy_gradient_loss | -0.00309     |
|    std                  | 0.97         |
|    value_loss           | 4.22e+06     |
------------------------------------------
 100% ----------------------- 100,352/100,000  [ 0:02:27 < 0:00:00 , 690 it/s ]
Training complete. Model saved.
